1563160457545	mozrunner::runner	INFO	Running command: "/usr/bin/firefox" "-marionette" "-headless" "-foreground" "-no-remote" "-profile" "/tmp/rust_mozprofile.RDmpiZLMgfsm"
*** You are running in headless mode.
1563160458283	addons.webextension.screenshots@mozilla.org	WARN	Loading extension 'screenshots@mozilla.org': Reading manifest: Invalid extension permission: mozillaAddons
1563160458284	addons.webextension.screenshots@mozilla.org	WARN	Loading extension 'screenshots@mozilla.org': Reading manifest: Invalid extension permission: resource://pdf.js/
1563160458284	addons.webextension.screenshots@mozilla.org	WARN	Loading extension 'screenshots@mozilla.org': Reading manifest: Invalid extension permission: about:reader*
1563160459911	Marionette	INFO	Listening on port 43215
1563160459953	Marionette	WARN	TLS certificate errors will be ignored for this session
1563160477901	mozrunner::runner	INFO	Running command: "/usr/bin/firefox" "-marionette" "-headless" "-foreground" "-no-remote" "-profile" "/tmp/rust_mozprofile.jnhwLxoP93Xl"
*** You are running in headless mode.
1563160478212	addons.webextension.screenshots@mozilla.org	WARN	Loading extension 'screenshots@mozilla.org': Reading manifest: Invalid extension permission: mozillaAddons
1563160478213	addons.webextension.screenshots@mozilla.org	WARN	Loading extension 'screenshots@mozilla.org': Reading manifest: Invalid extension permission: resource://pdf.js/
1563160478213	addons.webextension.screenshots@mozilla.org	WARN	Loading extension 'screenshots@mozilla.org': Reading manifest: Invalid extension permission: about:reader*
1563160479808	Marionette	INFO	Listening on port 33201
1563160479910	Marionette	WARN	TLS certificate errors will be ignored for this session
console.error: BroadcastService: 
  receivedBroadcastMessage: handler for
  remote-settings/monitor_changes
  threw error:
  Message: Error: Polling for changes failed: http://%(server)s/dummy/blocklist//buckets/monitor/collections/changes/records?_expected=%221563062407121%22 is not a valid URL..
  Stack:
    remoteSettingsFunction/remoteSettings.pollChanges@resource://services-settings/remote-settings.js:203:13

1563160498840	mozrunner::runner	INFO	Running command: "/usr/bin/firefox" "-marionette" "-headless" "-foreground" "-no-remote" "-profile" "/tmp/rust_mozprofile.U5jGJLGgGrtg"
*** You are running in headless mode.
1563160499153	addons.webextension.screenshots@mozilla.org	WARN	Loading extension 'screenshots@mozilla.org': Reading manifest: Invalid extension permission: mozillaAddons
1563160499154	addons.webextension.screenshots@mozilla.org	WARN	Loading extension 'screenshots@mozilla.org': Reading manifest: Invalid extension permission: resource://pdf.js/
1563160499154	addons.webextension.screenshots@mozilla.org	WARN	Loading extension 'screenshots@mozilla.org': Reading manifest: Invalid extension permission: about:reader*
console.error: BroadcastService: 
  receivedBroadcastMessage: handler for
  remote-settings/monitor_changes
  threw error:
  Message: Error: Polling for changes failed: http://%(server)s/dummy/blocklist//buckets/monitor/collections/changes/records?_expected=%221563062407121%22 is not a valid URL..
  Stack:
    remoteSettingsFunction/remoteSettings.pollChanges@resource://services-settings/remote-settings.js:203:13

1563160500776	Marionette	INFO	Listening on port 46017
1563160500850	Marionette	WARN	TLS certificate errors will be ignored for this session
console.error: BroadcastService: 
  receivedBroadcastMessage: handler for
  remote-settings/monitor_changes
  threw error:
  Message: Error: Polling for changes failed: http://%(server)s/dummy/blocklist//buckets/monitor/collections/changes/records?_expected=%221563062407121%22 is not a valid URL..
  Stack:
    remoteSettingsFunction/remoteSettings.pollChanges@resource://services-settings/remote-settings.js:203:13

1563160759678	mozrunner::runner	INFO	Running command: "/usr/bin/firefox" "-marionette" "-headless" "-foreground" "-no-remote" "-profile" "/tmp/rust_mozprofile.RCIY8TfDGvEf"
*** You are running in headless mode.
1563160759995	addons.webextension.screenshots@mozilla.org	WARN	Loading extension 'screenshots@mozilla.org': Reading manifest: Invalid extension permission: mozillaAddons
1563160759995	addons.webextension.screenshots@mozilla.org	WARN	Loading extension 'screenshots@mozilla.org': Reading manifest: Invalid extension permission: resource://pdf.js/
1563160759995	addons.webextension.screenshots@mozilla.org	WARN	Loading extension 'screenshots@mozilla.org': Reading manifest: Invalid extension permission: about:reader*
1563160761590	Marionette	INFO	Listening on port 33869
1563160761686	Marionette	WARN	TLS certificate errors will be ignored for this session
console.error: BroadcastService: 
  receivedBroadcastMessage: handler for
  remote-settings/monitor_changes
  threw error:
  Message: Error: Polling for changes failed: http://%(server)s/dummy/blocklist//buckets/monitor/collections/changes/records?_expected=%221563062407121%22 is not a valid URL..
  Stack:
    remoteSettingsFunction/remoteSettings.pollChanges@resource://services-settings/remote-settings.js:203:13

1563160801718	mozrunner::runner	INFO	Running command: "/usr/bin/firefox" "-marionette" "-headless" "-foreground" "-no-remote" "-profile" "/tmp/rust_mozprofile.QlQeZWAUUT9e"
*** You are running in headless mode.
1563160802025	addons.webextension.screenshots@mozilla.org	WARN	Loading extension 'screenshots@mozilla.org': Reading manifest: Invalid extension permission: mozillaAddons
1563160802026	addons.webextension.screenshots@mozilla.org	WARN	Loading extension 'screenshots@mozilla.org': Reading manifest: Invalid extension permission: resource://pdf.js/
1563160802026	addons.webextension.screenshots@mozilla.org	WARN	Loading extension 'screenshots@mozilla.org': Reading manifest: Invalid extension permission: about:reader*
1563160803591	Marionette	INFO	Listening on port 33999
1563160803637	Marionette	WARN	TLS certificate errors will be ignored for this session
console.error: BroadcastService: 
  receivedBroadcastMessage: handler for
  remote-settings/monitor_changes
  threw error:
  Message: Error: Polling for changes failed: http://%(server)s/dummy/blocklist//buckets/monitor/collections/changes/records?_expected=%221563062407121%22 is not a valid URL..
  Stack:
    remoteSettingsFunction/remoteSettings.pollChanges@resource://services-settings/remote-settings.js:203:13

1563160880492	mozrunner::runner	INFO	Running command: "/usr/bin/firefox" "-marionette" "-headless" "-foreground" "-no-remote" "-profile" "/tmp/rust_mozprofile.y5I46F8BOvSg"
*** You are running in headless mode.
1563160880808	addons.webextension.screenshots@mozilla.org	WARN	Loading extension 'screenshots@mozilla.org': Reading manifest: Invalid extension permission: mozillaAddons
1563160880808	addons.webextension.screenshots@mozilla.org	WARN	Loading extension 'screenshots@mozilla.org': Reading manifest: Invalid extension permission: resource://pdf.js/
1563160880809	addons.webextension.screenshots@mozilla.org	WARN	Loading extension 'screenshots@mozilla.org': Reading manifest: Invalid extension permission: about:reader*
1563160882407	Marionette	INFO	Listening on port 44879
1563160882499	Marionette	WARN	TLS certificate errors will be ignored for this session
1563160900972	mozrunner::runner	INFO	Running command: "/usr/bin/firefox" "-marionette" "-headless" "-foreground" "-no-remote" "-profile" "/tmp/rust_mozprofile.7Tytqz04f21O"
*** You are running in headless mode.
1563160901289	addons.webextension.screenshots@mozilla.org	WARN	Loading extension 'screenshots@mozilla.org': Reading manifest: Invalid extension permission: mozillaAddons
1563160901289	addons.webextension.screenshots@mozilla.org	WARN	Loading extension 'screenshots@mozilla.org': Reading manifest: Invalid extension permission: resource://pdf.js/
1563160901289	addons.webextension.screenshots@mozilla.org	WARN	Loading extension 'screenshots@mozilla.org': Reading manifest: Invalid extension permission: about:reader*
console.error: BroadcastService: 
  receivedBroadcastMessage: handler for
  remote-settings/monitor_changes
  threw error:
  Message: Error: Polling for changes failed: http://%(server)s/dummy/blocklist//buckets/monitor/collections/changes/records?_expected=%221563062407121%22 is not a valid URL..
  Stack:
    remoteSettingsFunction/remoteSettings.pollChanges@resource://services-settings/remote-settings.js:203:13

1563160902933	Marionette	INFO	Listening on port 36481
1563160902993	Marionette	WARN	TLS certificate errors will be ignored for this session
console.error: BroadcastService: 
  receivedBroadcastMessage: handler for
  remote-settings/monitor_changes
  threw error:
  Message: Error: Polling for changes failed: http://%(server)s/dummy/blocklist//buckets/monitor/collections/changes/records?_expected=%221563062407121%22 is not a valid URL..
  Stack:
    remoteSettingsFunction/remoteSettings.pollChanges@resource://services-settings/remote-settings.js:203:13

1563160956160	mozrunner::runner	INFO	Running command: "/usr/bin/firefox" "-marionette" "-headless" "-foreground" "-no-remote" "-profile" "/tmp/rust_mozprofile.Z9rOglDgjqbt"
*** You are running in headless mode.
1563160956478	addons.webextension.screenshots@mozilla.org	WARN	Loading extension 'screenshots@mozilla.org': Reading manifest: Invalid extension permission: mozillaAddons
1563160956478	addons.webextension.screenshots@mozilla.org	WARN	Loading extension 'screenshots@mozilla.org': Reading manifest: Invalid extension permission: resource://pdf.js/
1563160956478	addons.webextension.screenshots@mozilla.org	WARN	Loading extension 'screenshots@mozilla.org': Reading manifest: Invalid extension permission: about:reader*
1563160958074	Marionette	INFO	Listening on port 38569
1563160958167	Marionette	WARN	TLS certificate errors will be ignored for this session
console.error: BroadcastService: 
  receivedBroadcastMessage: handler for
  remote-settings/monitor_changes
  threw error:
  Message: Error: Polling for changes failed: http://%(server)s/dummy/blocklist//buckets/monitor/collections/changes/records?_expected=%221563062407121%22 is not a valid URL..
  Stack:
    remoteSettingsFunction/remoteSettings.pollChanges@resource://services-settings/remote-settings.js:203:13

1563161119047	mozrunner::runner	INFO	Running command: "/usr/bin/firefox" "-marionette" "-headless" "-foreground" "-no-remote" "-profile" "/tmp/rust_mozprofile.GbyLOTxgV8G8"
*** You are running in headless mode.
1563161119362	addons.webextension.screenshots@mozilla.org	WARN	Loading extension 'screenshots@mozilla.org': Reading manifest: Invalid extension permission: mozillaAddons
1563161119362	addons.webextension.screenshots@mozilla.org	WARN	Loading extension 'screenshots@mozilla.org': Reading manifest: Invalid extension permission: resource://pdf.js/
1563161119363	addons.webextension.screenshots@mozilla.org	WARN	Loading extension 'screenshots@mozilla.org': Reading manifest: Invalid extension permission: about:reader*
1563161121206	Marionette	INFO	Listening on port 33101
1563161121257	Marionette	WARN	TLS certificate errors will be ignored for this session
console.error: BroadcastService: 
  receivedBroadcastMessage: handler for
  remote-settings/monitor_changes
  threw error:
  Message: Error: Polling for changes failed: http://%(server)s/dummy/blocklist//buckets/monitor/collections/changes/records?_expected=%221563062407121%22 is not a valid URL..
  Stack:
    remoteSettingsFunction/remoteSettings.pollChanges@resource://services-settings/remote-settings.js:203:13

1563161149244	mozrunner::runner	INFO	Running command: "/usr/bin/firefox" "-marionette" "-headless" "-foreground" "-no-remote" "-profile" "/tmp/rust_mozprofile.77MCuSNhhtJ6"
*** You are running in headless mode.
1563161149555	addons.webextension.screenshots@mozilla.org	WARN	Loading extension 'screenshots@mozilla.org': Reading manifest: Invalid extension permission: mozillaAddons
1563161149556	addons.webextension.screenshots@mozilla.org	WARN	Loading extension 'screenshots@mozilla.org': Reading manifest: Invalid extension permission: resource://pdf.js/
1563161149556	addons.webextension.screenshots@mozilla.org	WARN	Loading extension 'screenshots@mozilla.org': Reading manifest: Invalid extension permission: about:reader*
1563161151125	Marionette	INFO	Listening on port 44945
1563161151163	Marionette	WARN	TLS certificate errors will be ignored for this session
1563161162990	mozrunner::runner	INFO	Running command: "/usr/bin/firefox" "-marionette" "-headless" "-foreground" "-no-remote" "-profile" "/tmp/rust_mozprofile.x88uxkT4CaSx"
*** You are running in headless mode.
1563161163339	addons.webextension.screenshots@mozilla.org	WARN	Loading extension 'screenshots@mozilla.org': Reading manifest: Invalid extension permission: mozillaAddons
1563161163339	addons.webextension.screenshots@mozilla.org	WARN	Loading extension 'screenshots@mozilla.org': Reading manifest: Invalid extension permission: resource://pdf.js/
1563161163339	addons.webextension.screenshots@mozilla.org	WARN	Loading extension 'screenshots@mozilla.org': Reading manifest: Invalid extension permission: about:reader*
1563161164942	Marionette	INFO	Listening on port 46287
1563161164998	Marionette	WARN	TLS certificate errors will be ignored for this session
console.error: BroadcastService: 
  receivedBroadcastMessage: handler for
  remote-settings/monitor_changes
  threw error:
  Message: Error: Polling for changes failed: http://%(server)s/dummy/blocklist//buckets/monitor/collections/changes/records?_expected=%221563062407121%22 is not a valid URL..
  Stack:
    remoteSettingsFunction/remoteSettings.pollChanges@resource://services-settings/remote-settings.js:203:13

console.error: BroadcastService: 
  receivedBroadcastMessage: handler for
  remote-settings/monitor_changes
  threw error:
  Message: Error: Polling for changes failed: http://%(server)s/dummy/blocklist//buckets/monitor/collections/changes/records?_expected=%221563062407121%22 is not a valid URL..
  Stack:
    remoteSettingsFunction/remoteSettings.pollChanges@resource://services-settings/remote-settings.js:203:13

1563161234171	mozrunner::runner	INFO	Running command: "/usr/bin/firefox" "-marionette" "-headless" "-foreground" "-no-remote" "-profile" "/tmp/rust_mozprofile.qaBxsjdi9Hnf"
*** You are running in headless mode.
1563161234492	addons.webextension.screenshots@mozilla.org	WARN	Loading extension 'screenshots@mozilla.org': Reading manifest: Invalid extension permission: mozillaAddons
1563161234492	addons.webextension.screenshots@mozilla.org	WARN	Loading extension 'screenshots@mozilla.org': Reading manifest: Invalid extension permission: resource://pdf.js/
1563161234493	addons.webextension.screenshots@mozilla.org	WARN	Loading extension 'screenshots@mozilla.org': Reading manifest: Invalid extension permission: about:reader*
1563161236063	Marionette	INFO	Listening on port 46619
1563161236093	Marionette	WARN	TLS certificate errors will be ignored for this session
console.error: BroadcastService: 
  receivedBroadcastMessage: handler for
  remote-settings/monitor_changes
  threw error:
  Message: Error: Polling for changes failed: http://%(server)s/dummy/blocklist//buckets/monitor/collections/changes/records?_expected=%221563062407121%22 is not a valid URL..
  Stack:
    remoteSettingsFunction/remoteSettings.pollChanges@resource://services-settings/remote-settings.js:203:13

1563161298564	mozrunner::runner	INFO	Running command: "/usr/bin/firefox" "-marionette" "-headless" "-foreground" "-no-remote" "-profile" "/tmp/rust_mozprofile.pnyZgkpZKUuV"
*** You are running in headless mode.
1563161298884	addons.webextension.screenshots@mozilla.org	WARN	Loading extension 'screenshots@mozilla.org': Reading manifest: Invalid extension permission: mozillaAddons
1563161298885	addons.webextension.screenshots@mozilla.org	WARN	Loading extension 'screenshots@mozilla.org': Reading manifest: Invalid extension permission: resource://pdf.js/
1563161298885	addons.webextension.screenshots@mozilla.org	WARN	Loading extension 'screenshots@mozilla.org': Reading manifest: Invalid extension permission: about:reader*
1563161300514	Marionette	INFO	Listening on port 32979
1563161300573	Marionette	WARN	TLS certificate errors will be ignored for this session
console.error: BroadcastService: 
  receivedBroadcastMessage: handler for
  remote-settings/monitor_changes
  threw error:
  Message: Error: Polling for changes failed: http://%(server)s/dummy/blocklist//buckets/monitor/collections/changes/records?_expected=%221563062407121%22 is not a valid URL..
  Stack:
    remoteSettingsFunction/remoteSettings.pollChanges@resource://services-settings/remote-settings.js:203:13

1563161552783	mozrunner::runner	INFO	Running command: "/usr/bin/firefox" "-marionette" "-headless" "-foreground" "-no-remote" "-profile" "/tmp/rust_mozprofile.uYmCelHiKQqG"
*** You are running in headless mode.
1563161553106	addons.webextension.screenshots@mozilla.org	WARN	Loading extension 'screenshots@mozilla.org': Reading manifest: Invalid extension permission: mozillaAddons
1563161553107	addons.webextension.screenshots@mozilla.org	WARN	Loading extension 'screenshots@mozilla.org': Reading manifest: Invalid extension permission: resource://pdf.js/
1563161553107	addons.webextension.screenshots@mozilla.org	WARN	Loading extension 'screenshots@mozilla.org': Reading manifest: Invalid extension permission: about:reader*
1563161554717	Marionette	INFO	Listening on port 34245
1563161554800	Marionette	WARN	TLS certificate errors will be ignored for this session
1563161555717	Marionette	INFO	Stopped listening on port 34245
[Parent 23599, Gecko_IOThread] WARNING: pipe error (74): Connection reset by peer: file /home/abuild/rpmbuild/BUILD/firefox-67.0.4/ipc/chromium/src/chrome/common/ipc_channel_posix.cc, line 357
1563161584024	mozrunner::runner	INFO	Running command: "/usr/bin/firefox" "-marionette" "-headless" "-foreground" "-no-remote" "-profile" "/tmp/rust_mozprofile.sK9QzABLDLtQ"
*** You are running in headless mode.
1563161584359	addons.webextension.screenshots@mozilla.org	WARN	Loading extension 'screenshots@mozilla.org': Reading manifest: Invalid extension permission: mozillaAddons
1563161584360	addons.webextension.screenshots@mozilla.org	WARN	Loading extension 'screenshots@mozilla.org': Reading manifest: Invalid extension permission: resource://pdf.js/
1563161584360	addons.webextension.screenshots@mozilla.org	WARN	Loading extension 'screenshots@mozilla.org': Reading manifest: Invalid extension permission: about:reader*
1563161586220	Marionette	INFO	Listening on port 42117
1563161586234	Marionette	WARN	TLS certificate errors will be ignored for this session
1563161587292	Marionette	INFO	Stopped listening on port 42117
[Parent 23980, Gecko_IOThread] WARNING: pipe error (74): Connection reset by peer: file /home/abuild/rpmbuild/BUILD/firefox-67.0.4/ipc/chromium/src/chrome/common/ipc_channel_posix.cc, line 357
1563161685329	mozrunner::runner	INFO	Running command: "/usr/bin/firefox" "-marionette" "-headless" "-foreground" "-no-remote" "-profile" "/tmp/rust_mozprofile.ptgyyKOURFHf"
*** You are running in headless mode.
1563161685788	addons.webextension.screenshots@mozilla.org	WARN	Loading extension 'screenshots@mozilla.org': Reading manifest: Invalid extension permission: mozillaAddons
1563161685788	addons.webextension.screenshots@mozilla.org	WARN	Loading extension 'screenshots@mozilla.org': Reading manifest: Invalid extension permission: resource://pdf.js/
1563161685788	addons.webextension.screenshots@mozilla.org	WARN	Loading extension 'screenshots@mozilla.org': Reading manifest: Invalid extension permission: about:reader*
1563161687466	Marionette	INFO	Listening on port 34721
1563161687541	Marionette	WARN	TLS certificate errors will be ignored for this session
1563161688388	Marionette	INFO	Stopped listening on port 34721
[Parent 24530, Gecko_IOThread] WARNING: pipe error (74): Connection reset by peer: file /home/abuild/rpmbuild/BUILD/firefox-67.0.4/ipc/chromium/src/chrome/common/ipc_channel_posix.cc, line 357
1563161712484	mozrunner::runner	INFO	Running command: "/usr/bin/firefox" "-marionette" "-headless" "-foreground" "-no-remote" "-profile" "/tmp/rust_mozprofile.us9uzTgmbp77"
*** You are running in headless mode.
1563161712824	addons.webextension.screenshots@mozilla.org	WARN	Loading extension 'screenshots@mozilla.org': Reading manifest: Invalid extension permission: mozillaAddons
1563161712825	addons.webextension.screenshots@mozilla.org	WARN	Loading extension 'screenshots@mozilla.org': Reading manifest: Invalid extension permission: resource://pdf.js/
1563161712825	addons.webextension.screenshots@mozilla.org	WARN	Loading extension 'screenshots@mozilla.org': Reading manifest: Invalid extension permission: about:reader*
1563161714709	Marionette	INFO	Listening on port 45525
1563161714883	Marionette	WARN	TLS certificate errors will be ignored for this session
1563161716975	Marionette	INFO	Stopped listening on port 45525
[Parent 24929, Gecko_IOThread] WARNING: pipe error (74): Connection reset by peer: file /home/abuild/rpmbuild/BUILD/firefox-67.0.4/ipc/chromium/src/chrome/common/ipc_channel_posix.cc, line 357
1563161781546	mozrunner::runner	INFO	Running command: "/usr/bin/firefox" "-marionette" "-headless" "-foreground" "-no-remote" "-profile" "/tmp/rust_mozprofile.oaL07wRxgeoL"
*** You are running in headless mode.
1563161781877	addons.webextension.screenshots@mozilla.org	WARN	Loading extension 'screenshots@mozilla.org': Reading manifest: Invalid extension permission: mozillaAddons
1563161781877	addons.webextension.screenshots@mozilla.org	WARN	Loading extension 'screenshots@mozilla.org': Reading manifest: Invalid extension permission: resource://pdf.js/
1563161781877	addons.webextension.screenshots@mozilla.org	WARN	Loading extension 'screenshots@mozilla.org': Reading manifest: Invalid extension permission: about:reader*
1563161783529	Marionette	INFO	Listening on port 36455
1563161783561	Marionette	WARN	TLS certificate errors will be ignored for this session
1563161784440	Marionette	INFO	Stopped listening on port 36455
[Parent 25371, Gecko_IOThread] WARNING: pipe error (74): Connection reset by peer: file /home/abuild/rpmbuild/BUILD/firefox-67.0.4/ipc/chromium/src/chrome/common/ipc_channel_posix.cc, line 357
1563161943969	mozrunner::runner	INFO	Running command: "/usr/bin/firefox" "-marionette" "-headless" "-foreground" "-no-remote" "-profile" "/tmp/rust_mozprofile.7aFSNmUnxcek"
*** You are running in headless mode.
1563161944317	addons.webextension.screenshots@mozilla.org	WARN	Loading extension 'screenshots@mozilla.org': Reading manifest: Invalid extension permission: mozillaAddons
1563161944317	addons.webextension.screenshots@mozilla.org	WARN	Loading extension 'screenshots@mozilla.org': Reading manifest: Invalid extension permission: resource://pdf.js/
1563161944317	addons.webextension.screenshots@mozilla.org	WARN	Loading extension 'screenshots@mozilla.org': Reading manifest: Invalid extension permission: about:reader*
1563161946074	Marionette	INFO	Listening on port 41519
1563161946177	Marionette	WARN	TLS certificate errors will be ignored for this session
1563161947104	Marionette	INFO	Stopped listening on port 41519
[Parent 26019, Gecko_IOThread] WARNING: pipe error (78): Connection reset by peer: file /home/abuild/rpmbuild/BUILD/firefox-67.0.4/ipc/chromium/src/chrome/common/ipc_channel_posix.cc, line 357
[Parent 26019, Gecko_IOThread] WARNING: pipe error (74): Connection reset by peer: file /home/abuild/rpmbuild/BUILD/firefox-67.0.4/ipc/chromium/src/chrome/common/ipc_channel_posix.cc, line 357
1563162007015	mozrunner::runner	INFO	Running command: "/usr/bin/firefox" "-marionette" "-headless" "-foreground" "-no-remote" "-profile" "/tmp/rust_mozprofile.uc3bLglWuOUR"
*** You are running in headless mode.
1563162007363	addons.webextension.screenshots@mozilla.org	WARN	Loading extension 'screenshots@mozilla.org': Reading manifest: Invalid extension permission: mozillaAddons
1563162007363	addons.webextension.screenshots@mozilla.org	WARN	Loading extension 'screenshots@mozilla.org': Reading manifest: Invalid extension permission: resource://pdf.js/
1563162007363	addons.webextension.screenshots@mozilla.org	WARN	Loading extension 'screenshots@mozilla.org': Reading manifest: Invalid extension permission: about:reader*
1563162008991	Marionette	INFO	Listening on port 39821
1563162009026	Marionette	WARN	TLS certificate errors will be ignored for this session
1563162010993	Marionette	INFO	Stopped listening on port 39821
[Parent 26449, Gecko_IOThread] WARNING: pipe error (74): Connection reset by peer: file /home/abuild/rpmbuild/BUILD/firefox-67.0.4/ipc/chromium/src/chrome/common/ipc_channel_posix.cc, line 357
[Parent 26449, Gecko_IOThread] WARNING: pipe error (78): Connection reset by peer: file /home/abuild/rpmbuild/BUILD/firefox-67.0.4/ipc/chromium/src/chrome/common/ipc_channel_posix.cc, line 357
1563162056457	mozrunner::runner	INFO	Running command: "/usr/bin/firefox" "-marionette" "-headless" "-foreground" "-no-remote" "-profile" "/tmp/rust_mozprofile.xy8xFLFtx8P1"
*** You are running in headless mode.
1563162056812	addons.webextension.screenshots@mozilla.org	WARN	Loading extension 'screenshots@mozilla.org': Reading manifest: Invalid extension permission: mozillaAddons
1563162056812	addons.webextension.screenshots@mozilla.org	WARN	Loading extension 'screenshots@mozilla.org': Reading manifest: Invalid extension permission: resource://pdf.js/
1563162056812	addons.webextension.screenshots@mozilla.org	WARN	Loading extension 'screenshots@mozilla.org': Reading manifest: Invalid extension permission: about:reader*
1563162058534	Marionette	INFO	Listening on port 46381
1563162058584	Marionette	WARN	TLS certificate errors will be ignored for this session
1563162059652	Marionette	INFO	Stopped listening on port 46381
[Child 27043, Chrome_ChildThread] WARNING: pipe error (3): Connection reset by peer: file /home/abuild/rpmbuild/BUILD/firefox-67.0.4/ipc/chromium/src/chrome/common/ipc_channel_posix.cc, line 357
[Parent 26857, Gecko_IOThread] WARNING: pipe error (74): Connection reset by peer: file /home/abuild/rpmbuild/BUILD/firefox-67.0.4/ipc/chromium/src/chrome/common/ipc_channel_posix.cc, line 357
[Parent 26857, Gecko_IOThread] WARNING: pipe error (78): Connection reset by peer: file /home/abuild/rpmbuild/BUILD/firefox-67.0.4/ipc/chromium/src/chrome/common/ipc_channel_posix.cc, line 357
1563162178113	mozrunner::runner	INFO	Running command: "/usr/bin/firefox" "-marionette" "-headless" "-foreground" "-no-remote" "-profile" "/tmp/rust_mozprofile.5cwPS7wf4PKo"
*** You are running in headless mode.
1563162178504	addons.webextension.screenshots@mozilla.org	WARN	Loading extension 'screenshots@mozilla.org': Reading manifest: Invalid extension permission: mozillaAddons
1563162178505	addons.webextension.screenshots@mozilla.org	WARN	Loading extension 'screenshots@mozilla.org': Reading manifest: Invalid extension permission: resource://pdf.js/
1563162178505	addons.webextension.screenshots@mozilla.org	WARN	Loading extension 'screenshots@mozilla.org': Reading manifest: Invalid extension permission: about:reader*
1563162180229	Marionette	INFO	Listening on port 42981
1563162180320	Marionette	WARN	TLS certificate errors will be ignored for this session
1563162181316	Marionette	INFO	Stopped listening on port 42981
[Parent 27375, Gecko_IOThread] WARNING: pipe error (78): Connection reset by peer: file /home/abuild/rpmbuild/BUILD/firefox-67.0.4/ipc/chromium/src/chrome/common/ipc_channel_posix.cc, line 357
[Parent 27375, Gecko_IOThread] WARNING: pipe error (74): Connection reset by peer: file /home/abuild/rpmbuild/BUILD/firefox-67.0.4/ipc/chromium/src/chrome/common/ipc_channel_posix.cc, line 357
1563162201257	mozrunner::runner	INFO	Running command: "/usr/bin/firefox" "-marionette" "-headless" "-foreground" "-no-remote" "-profile" "/tmp/rust_mozprofile.Jyz5WE3hY8pB"
*** You are running in headless mode.
1563162201612	addons.webextension.screenshots@mozilla.org	WARN	Loading extension 'screenshots@mozilla.org': Reading manifest: Invalid extension permission: mozillaAddons
1563162201613	addons.webextension.screenshots@mozilla.org	WARN	Loading extension 'screenshots@mozilla.org': Reading manifest: Invalid extension permission: resource://pdf.js/
1563162201613	addons.webextension.screenshots@mozilla.org	WARN	Loading extension 'screenshots@mozilla.org': Reading manifest: Invalid extension permission: about:reader*
1563162203383	Marionette	INFO	Listening on port 38635
1563162203468	Marionette	WARN	TLS certificate errors will be ignored for this session
1563162206625	Marionette	INFO	Stopped listening on port 38635
[Parent 27729, Gecko_IOThread] WARNING: pipe error (74): Connection reset by peer: file /home/abuild/rpmbuild/BUILD/firefox-67.0.4/ipc/chromium/src/chrome/common/ipc_channel_posix.cc, line 357
1563162253671	mozrunner::runner	INFO	Running command: "/usr/bin/firefox" "-marionette" "-headless" "-foreground" "-no-remote" "-profile" "/tmp/rust_mozprofile.KaQNcoTKX34d"
*** You are running in headless mode.
1563162254050	addons.webextension.screenshots@mozilla.org	WARN	Loading extension 'screenshots@mozilla.org': Reading manifest: Invalid extension permission: mozillaAddons
1563162254051	addons.webextension.screenshots@mozilla.org	WARN	Loading extension 'screenshots@mozilla.org': Reading manifest: Invalid extension permission: resource://pdf.js/
1563162254051	addons.webextension.screenshots@mozilla.org	WARN	Loading extension 'screenshots@mozilla.org': Reading manifest: Invalid extension permission: about:reader*
1563162255817	Marionette	INFO	Listening on port 46819
1563162255893	Marionette	WARN	TLS certificate errors will be ignored for this session
1563162258582	Marionette	INFO	Stopped listening on port 46819
[Parent 28189, Gecko_IOThread] WARNING: pipe error (74): Connection reset by peer: file /home/abuild/rpmbuild/BUILD/firefox-67.0.4/ipc/chromium/src/chrome/common/ipc_channel_posix.cc, line 357
1563162281862	mozrunner::runner	INFO	Running command: "/usr/bin/firefox" "-marionette" "-headless" "-foreground" "-no-remote" "-profile" "/tmp/rust_mozprofile.zjPLrnfTcE2m"
*** You are running in headless mode.
1563162282230	addons.webextension.screenshots@mozilla.org	WARN	Loading extension 'screenshots@mozilla.org': Reading manifest: Invalid extension permission: mozillaAddons
1563162282230	addons.webextension.screenshots@mozilla.org	WARN	Loading extension 'screenshots@mozilla.org': Reading manifest: Invalid extension permission: resource://pdf.js/
1563162282231	addons.webextension.screenshots@mozilla.org	WARN	Loading extension 'screenshots@mozilla.org': Reading manifest: Invalid extension permission: about:reader*
1563162284655	Marionette	INFO	Listening on port 45383
1563162285656	Marionette	WARN	TLS certificate errors will be ignored for this session
1563162288230	Marionette	INFO	Stopped listening on port 45383
[Parent 28571, Gecko_IOThread] WARNING: pipe error (74): Connection reset by peer: file /home/abuild/rpmbuild/BUILD/firefox-67.0.4/ipc/chromium/src/chrome/common/ipc_channel_posix.cc, line 357
1563162326054	mozrunner::runner	INFO	Running command: "/usr/bin/firefox" "-marionette" "-headless" "-foreground" "-no-remote" "-profile" "/tmp/rust_mozprofile.LxfiyBat2lgG"
*** You are running in headless mode.
1563162326434	addons.webextension.screenshots@mozilla.org	WARN	Loading extension 'screenshots@mozilla.org': Reading manifest: Invalid extension permission: mozillaAddons
1563162326435	addons.webextension.screenshots@mozilla.org	WARN	Loading extension 'screenshots@mozilla.org': Reading manifest: Invalid extension permission: resource://pdf.js/
1563162326435	addons.webextension.screenshots@mozilla.org	WARN	Loading extension 'screenshots@mozilla.org': Reading manifest: Invalid extension permission: about:reader*
1563162328045	Marionette	INFO	Listening on port 37715
1563162328070	Marionette	WARN	TLS certificate errors will be ignored for this session
1563162330930	Marionette	INFO	Stopped listening on port 37715
JavaScript error: resource://gre/modules/WebProgressChild.jsm, line 61: TypeError: this.mm.content is null
[Parent 28997, Gecko_IOThread] WARNING: pipe error (74): Connection reset by peer: file /home/abuild/rpmbuild/BUILD/firefox-67.0.4/ipc/chromium/src/chrome/common/ipc_channel_posix.cc, line 357
1563162386062	mozrunner::runner	INFO	Running command: "/usr/bin/firefox" "-marionette" "-headless" "-foreground" "-no-remote" "-profile" "/tmp/rust_mozprofile.LiiUQ1W40TFh"
*** You are running in headless mode.
1563162386409	addons.webextension.screenshots@mozilla.org	WARN	Loading extension 'screenshots@mozilla.org': Reading manifest: Invalid extension permission: mozillaAddons
1563162386409	addons.webextension.screenshots@mozilla.org	WARN	Loading extension 'screenshots@mozilla.org': Reading manifest: Invalid extension permission: resource://pdf.js/
1563162386409	addons.webextension.screenshots@mozilla.org	WARN	Loading extension 'screenshots@mozilla.org': Reading manifest: Invalid extension permission: about:reader*
1563162388152	Marionette	INFO	Listening on port 41007
1563162388178	Marionette	WARN	TLS certificate errors will be ignored for this session
1563162391188	Marionette	INFO	Stopped listening on port 41007
[Parent 29408, Gecko_IOThread] WARNING: pipe error (74): Connection reset by peer: file /home/abuild/rpmbuild/BUILD/firefox-67.0.4/ipc/chromium/src/chrome/common/ipc_channel_posix.cc, line 357
1563162445312	mozrunner::runner	INFO	Running command: "/usr/bin/firefox" "-marionette" "-headless" "-foreground" "-no-remote" "-profile" "/tmp/rust_mozprofile.1nXoFTTj89Hg"
*** You are running in headless mode.
1563162445670	addons.webextension.screenshots@mozilla.org	WARN	Loading extension 'screenshots@mozilla.org': Reading manifest: Invalid extension permission: mozillaAddons
1563162445670	addons.webextension.screenshots@mozilla.org	WARN	Loading extension 'screenshots@mozilla.org': Reading manifest: Invalid extension permission: resource://pdf.js/
1563162445670	addons.webextension.screenshots@mozilla.org	WARN	Loading extension 'screenshots@mozilla.org': Reading manifest: Invalid extension permission: about:reader*
1563162447305	Marionette	INFO	Listening on port 32981
1563162447321	Marionette	WARN	TLS certificate errors will be ignored for this session
1563162451033	Marionette	INFO	Stopped listening on port 32981
1563162463813	mozrunner::runner	INFO	Running command: "/usr/bin/firefox" "-marionette" "-headless" "-foreground" "-no-remote" "-profile" "/tmp/rust_mozprofile.8hFnDD1VV9N6"
*** You are running in headless mode.
1563162464183	addons.webextension.screenshots@mozilla.org	WARN	Loading extension 'screenshots@mozilla.org': Reading manifest: Invalid extension permission: mozillaAddons
1563162464183	addons.webextension.screenshots@mozilla.org	WARN	Loading extension 'screenshots@mozilla.org': Reading manifest: Invalid extension permission: resource://pdf.js/
1563162464183	addons.webextension.screenshots@mozilla.org	WARN	Loading extension 'screenshots@mozilla.org': Reading manifest: Invalid extension permission: about:reader*
1563162465812	Marionette	INFO	Listening on port 45213
1563162465822	Marionette	WARN	TLS certificate errors will be ignored for this session
1563162469550	Marionette	INFO	Stopped listening on port 45213
[Parent 30200, Gecko_IOThread] WARNING: pipe error (74): Connection reset by peer: file /home/abuild/rpmbuild/BUILD/firefox-67.0.4/ipc/chromium/src/chrome/common/ipc_channel_posix.cc, line 357
1563162483725	mozrunner::runner	INFO	Running command: "/usr/bin/firefox" "-marionette" "-headless" "-foreground" "-no-remote" "-profile" "/tmp/rust_mozprofile.hIZzPGH6Gbsc"
*** You are running in headless mode.
1563162484106	addons.webextension.screenshots@mozilla.org	WARN	Loading extension 'screenshots@mozilla.org': Reading manifest: Invalid extension permission: mozillaAddons
1563162484106	addons.webextension.screenshots@mozilla.org	WARN	Loading extension 'screenshots@mozilla.org': Reading manifest: Invalid extension permission: resource://pdf.js/
1563162484106	addons.webextension.screenshots@mozilla.org	WARN	Loading extension 'screenshots@mozilla.org': Reading manifest: Invalid extension permission: about:reader*
1563162486019	Marionette	INFO	Listening on port 36071
1563162486054	Marionette	WARN	TLS certificate errors will be ignored for this session
1563162488609	Marionette	INFO	Stopped listening on port 36071
[Parent 30577, Gecko_IOThread] WARNING: pipe error (75): Connection reset by peer: file /home/abuild/rpmbuild/BUILD/firefox-67.0.4/ipc/chromium/src/chrome/common/ipc_channel_posix.cc, line 357
1563162500670	mozrunner::runner	INFO	Running command: "/usr/bin/firefox" "-marionette" "-headless" "-foreground" "-no-remote" "-profile" "/tmp/rust_mozprofile.FPzPKL8UlpAi"
*** You are running in headless mode.
1563162501028	addons.webextension.screenshots@mozilla.org	WARN	Loading extension 'screenshots@mozilla.org': Reading manifest: Invalid extension permission: mozillaAddons
1563162501029	addons.webextension.screenshots@mozilla.org	WARN	Loading extension 'screenshots@mozilla.org': Reading manifest: Invalid extension permission: resource://pdf.js/
1563162501029	addons.webextension.screenshots@mozilla.org	WARN	Loading extension 'screenshots@mozilla.org': Reading manifest: Invalid extension permission: about:reader*
1563162502647	Marionette	INFO	Listening on port 33567
1563162502675	Marionette	WARN	TLS certificate errors will be ignored for this session
1563162506581	Marionette	INFO	Stopped listening on port 33567
JavaScript error: resource://gre/modules/WebProgressChild.jsm, line 61: TypeError: this.mm.content is null
[Parent 30931, Gecko_IOThread] WARNING: pipe error (75): Connection reset by peer: file /home/abuild/rpmbuild/BUILD/firefox-67.0.4/ipc/chromium/src/chrome/common/ipc_channel_posix.cc, line 357
1563162644961	mozrunner::runner	INFO	Running command: "/usr/bin/firefox" "-marionette" "-headless" "-foreground" "-no-remote" "-profile" "/tmp/rust_mozprofile.s1B4NU5bdqql"
*** You are running in headless mode.
1563162645320	addons.webextension.screenshots@mozilla.org	WARN	Loading extension 'screenshots@mozilla.org': Reading manifest: Invalid extension permission: mozillaAddons
1563162645320	addons.webextension.screenshots@mozilla.org	WARN	Loading extension 'screenshots@mozilla.org': Reading manifest: Invalid extension permission: resource://pdf.js/
1563162645320	addons.webextension.screenshots@mozilla.org	WARN	Loading extension 'screenshots@mozilla.org': Reading manifest: Invalid extension permission: about:reader*
1563162646999	Marionette	INFO	Listening on port 39059
1563162647079	Marionette	WARN	TLS certificate errors will be ignored for this session
1563162650079	Marionette	INFO	Stopped listening on port 39059
[Parent 31485, Gecko_IOThread] WARNING: pipe error (74): Connection reset by peer: file /home/abuild/rpmbuild/BUILD/firefox-67.0.4/ipc/chromium/src/chrome/common/ipc_channel_posix.cc, line 357
1563163042475	mozrunner::runner	INFO	Running command: "/usr/bin/firefox" "-marionette" "-headless" "-foreground" "-no-remote" "-profile" "/tmp/rust_mozprofile.qGiXvWCmkSIN"
*** You are running in headless mode.
1563163042822	addons.webextension.screenshots@mozilla.org	WARN	Loading extension 'screenshots@mozilla.org': Reading manifest: Invalid extension permission: mozillaAddons
1563163042823	addons.webextension.screenshots@mozilla.org	WARN	Loading extension 'screenshots@mozilla.org': Reading manifest: Invalid extension permission: resource://pdf.js/
1563163042823	addons.webextension.screenshots@mozilla.org	WARN	Loading extension 'screenshots@mozilla.org': Reading manifest: Invalid extension permission: about:reader*
1563163044428	Marionette	INFO	Listening on port 37789
1563163044481	Marionette	WARN	TLS certificate errors will be ignored for this session
1563163058974	mozrunner::runner	INFO	Running command: "/usr/bin/firefox" "-marionette" "-headless" "-foreground" "-no-remote" "-profile" "/tmp/rust_mozprofile.asRcAoVNEHWH"
*** You are running in headless mode.
1563163059327	addons.webextension.screenshots@mozilla.org	WARN	Loading extension 'screenshots@mozilla.org': Reading manifest: Invalid extension permission: mozillaAddons
1563163059327	addons.webextension.screenshots@mozilla.org	WARN	Loading extension 'screenshots@mozilla.org': Reading manifest: Invalid extension permission: resource://pdf.js/
1563163059328	addons.webextension.screenshots@mozilla.org	WARN	Loading extension 'screenshots@mozilla.org': Reading manifest: Invalid extension permission: about:reader*
1563163060945	Marionette	INFO	Listening on port 38663
1563163060981	Marionette	WARN	TLS certificate errors will be ignored for this session
1563163063604	Marionette	INFO	Stopped listening on port 38663
[Parent 32759, Gecko_IOThread] WARNING: pipe error (74): Connection reset by peer: file /home/abuild/rpmbuild/BUILD/firefox-67.0.4/ipc/chromium/src/chrome/common/ipc_channel_posix.cc, line 357
console.error: BroadcastService: 
  receivedBroadcastMessage: handler for
  remote-settings/monitor_changes
  threw error:
  Message: Error: Polling for changes failed: http://%(server)s/dummy/blocklist//buckets/monitor/collections/changes/records?_expected=%221563062407121%22 is not a valid URL..
  Stack:
    remoteSettingsFunction/remoteSettings.pollChanges@resource://services-settings/remote-settings.js:203:13

1563163081083	mozrunner::runner	INFO	Running command: "/usr/bin/firefox" "-marionette" "-headless" "-foreground" "-no-remote" "-profile" "/tmp/rust_mozprofile.810L7uMwZK5n"
*** You are running in headless mode.
1563163081415	addons.webextension.screenshots@mozilla.org	WARN	Loading extension 'screenshots@mozilla.org': Reading manifest: Invalid extension permission: mozillaAddons
1563163081415	addons.webextension.screenshots@mozilla.org	WARN	Loading extension 'screenshots@mozilla.org': Reading manifest: Invalid extension permission: resource://pdf.js/
1563163081415	addons.webextension.screenshots@mozilla.org	WARN	Loading extension 'screenshots@mozilla.org': Reading manifest: Invalid extension permission: about:reader*
1563163083020	Marionette	INFO	Listening on port 42701
1563163083100	Marionette	WARN	TLS certificate errors will be ignored for this session
1563163085881	Marionette	INFO	Stopped listening on port 42701
[Parent 687, Gecko_IOThread] WARNING: pipe error (74): Connection reset by peer: file /home/abuild/rpmbuild/BUILD/firefox-67.0.4/ipc/chromium/src/chrome/common/ipc_channel_posix.cc, line 357
1563163097198	mozrunner::runner	INFO	Running command: "/usr/bin/firefox" "-marionette" "-headless" "-foreground" "-no-remote" "-profile" "/tmp/rust_mozprofile.Q9OXXA5EVy4r"
*** You are running in headless mode.
1563163097548	addons.webextension.screenshots@mozilla.org	WARN	Loading extension 'screenshots@mozilla.org': Reading manifest: Invalid extension permission: mozillaAddons
1563163097549	addons.webextension.screenshots@mozilla.org	WARN	Loading extension 'screenshots@mozilla.org': Reading manifest: Invalid extension permission: resource://pdf.js/
1563163097549	addons.webextension.screenshots@mozilla.org	WARN	Loading extension 'screenshots@mozilla.org': Reading manifest: Invalid extension permission: about:reader*
1563163099153	Marionette	INFO	Listening on port 35113
1563163099205	Marionette	WARN	TLS certificate errors will be ignored for this session
1563163101790	Marionette	INFO	Stopped listening on port 35113
[Parent 1038, Gecko_IOThread] WARNING: pipe error (74): Connection reset by peer: file /home/abuild/rpmbuild/BUILD/firefox-67.0.4/ipc/chromium/src/chrome/common/ipc_channel_posix.cc, line 357
1563163196189	mozrunner::runner	INFO	Running command: "/usr/bin/firefox" "-marionette" "-headless" "-foreground" "-no-remote" "-profile" "/tmp/rust_mozprofile.RnZNRYXQJ7SA"
*** You are running in headless mode.
1563163196525	addons.webextension.screenshots@mozilla.org	WARN	Loading extension 'screenshots@mozilla.org': Reading manifest: Invalid extension permission: mozillaAddons
1563163196526	addons.webextension.screenshots@mozilla.org	WARN	Loading extension 'screenshots@mozilla.org': Reading manifest: Invalid extension permission: resource://pdf.js/
1563163196526	addons.webextension.screenshots@mozilla.org	WARN	Loading extension 'screenshots@mozilla.org': Reading manifest: Invalid extension permission: about:reader*
1563163198236	Marionette	INFO	Listening on port 35389
1563163198297	Marionette	WARN	TLS certificate errors will be ignored for this session
1563163200901	Marionette	INFO	Stopped listening on port 35389
[Parent 1526, Gecko_IOThread] WARNING: pipe error (74): Connection reset by peer: file /home/abuild/rpmbuild/BUILD/firefox-67.0.4/ipc/chromium/src/chrome/common/ipc_channel_posix.cc, line 357
1563163303883	mozrunner::runner	INFO	Running command: "/usr/bin/firefox" "-marionette" "-headless" "-foreground" "-no-remote" "-profile" "/tmp/rust_mozprofile.ZZHYzMllMGug"
*** You are running in headless mode.
1563163304220	addons.webextension.screenshots@mozilla.org	WARN	Loading extension 'screenshots@mozilla.org': Reading manifest: Invalid extension permission: mozillaAddons
1563163304220	addons.webextension.screenshots@mozilla.org	WARN	Loading extension 'screenshots@mozilla.org': Reading manifest: Invalid extension permission: resource://pdf.js/
1563163304220	addons.webextension.screenshots@mozilla.org	WARN	Loading extension 'screenshots@mozilla.org': Reading manifest: Invalid extension permission: about:reader*
1563163305839	Marionette	INFO	Listening on port 38729
1563163305899	Marionette	WARN	TLS certificate errors will be ignored for this session
1563163308448	Marionette	INFO	Stopped listening on port 38729
1563163721078	mozrunner::runner	INFO	Running command: "/usr/bin/firefox" "-marionette" "-headless" "-foreground" "-no-remote" "-profile" "/tmp/rust_mozprofile.6EOY3iJSbZab"
*** You are running in headless mode.
1563163721414	addons.webextension.screenshots@mozilla.org	WARN	Loading extension 'screenshots@mozilla.org': Reading manifest: Invalid extension permission: mozillaAddons
1563163721415	addons.webextension.screenshots@mozilla.org	WARN	Loading extension 'screenshots@mozilla.org': Reading manifest: Invalid extension permission: resource://pdf.js/
1563163721415	addons.webextension.screenshots@mozilla.org	WARN	Loading extension 'screenshots@mozilla.org': Reading manifest: Invalid extension permission: about:reader*
1563163723123	Marionette	INFO	Listening on port 36453
1563163723193	Marionette	WARN	TLS certificate errors will be ignored for this session
1563163726044	Marionette	INFO	Stopped listening on port 36453
[Parent 3170, Gecko_IOThread] WARNING: pipe error (74): Connection reset by peer: file /home/abuild/rpmbuild/BUILD/firefox-67.0.4/ipc/chromium/src/chrome/common/ipc_channel_posix.cc, line 357
[Parent 17479, Gecko_IOThread] WARNING: pipe error (74): Connection reset by peer: file /home/abuild/rpmbuild/BUILD/firefox-67.0.4/ipc/chromium/src/chrome/common/ipc_channel_posix.cc, line 357
[Parent 20875, Gecko_IOThread] WARNING: pipe error (64): Connection reset by peer: file /home/abuild/rpmbuild/BUILD/firefox-67.0.4/ipc/chromium/src/chrome/common/ipc_channel_posix.cc, line 357
[Parent 20875, Gecko_IOThread] WARNING: pipe error (82): Connection reset by peer: file /home/abuild/rpmbuild/BUILD/firefox-67.0.4/ipc/chromium/src/chrome/common/ipc_channel_posix.cc, line 357
1563170412138	Marionette	INFO	Stopped listening on port 33999
[Parent 17829, Gecko_IOThread] WARNING: pipe error (75): Connection reset by peer: file /home/abuild/rpmbuild/BUILD/firefox-67.0.4/ipc/chromium/src/chrome/common/ipc_channel_posix.cc, line 357
[Parent 22002, Gecko_IOThread] WARNING: pipe error (78): Connection reset by peer: file /home/abuild/rpmbuild/BUILD/firefox-67.0.4/ipc/chromium/src/chrome/common/ipc_channel_posix.cc, line 357
[Parent 22456, Gecko_IOThread] WARNING: pipe error (76): Connection reset by peer: file /home/abuild/rpmbuild/BUILD/firefox-67.0.4/ipc/chromium/src/chrome/common/ipc_channel_posix.cc, line 357
[Parent 21258, Gecko_IOThread] WARNING: pipe error (76): Connection reset by peer: file /home/abuild/rpmbuild/BUILD/firefox-67.0.4/ipc/chromium/src/chrome/common/ipc_channel_posix.cc, line 357
[Parent 21596, Gecko_IOThread] WARNING: pipe error: Broken pipe: file /home/abuild/rpmbuild/BUILD/firefox-67.0.4/ipc/chromium/src/chrome/common/ipc_channel_posix.cc, line 726
[Parent 17103, Gecko_IOThread] WARNING: pipe error (77): Connection reset by peer: file /home/abuild/rpmbuild/BUILD/firefox-67.0.4/ipc/chromium/src/chrome/common/ipc_channel_posix.cc, line 357
1563170412277	Marionette	INFO	Stopped listening on port 33101
[Parent 21596, Gecko_IOThread] WARNING: pipe error (76): Connection reset by peer: file /home/abuild/rpmbuild/BUILD/firefox-67.0.4/ipc/chromium/src/chrome/common/ipc_channel_posix.cc, line 357
1563170412299	Marionette	INFO	Stopped listening on port 38569
1563170412302	Marionette	INFO	Stopped listening on port 44879
1563170412339	Marionette	INFO	Stopped listening on port 36481
1563170412346	Marionette	INFO	Stopped listening on port 46017
1563170412370	Marionette	INFO	Stopped listening on port 33869
1563170412381	Marionette	INFO	Stopped listening on port 46619
1563170412381	Marionette	INFO	Stopped listening on port 37789
1563170412420	Marionette	INFO	Stopped listening on port 33201
1563170412426	Marionette	INFO	Stopped listening on port 32979
1563170412439	Marionette	INFO	Stopped listening on port 44945
1563170412442	Marionette	INFO	Stopped listening on port 43215
1563170412446	Marionette	INFO	Stopped listening on port 46287

###!!! [Parent][RunMessage] Error: Channel closing: too late to send/recv, messages will be lost

1563233810238	mozrunner::runner	INFO	Running command: "/usr/bin/firefox" "-marionette" "-headless" "-foreground" "-no-remote" "-profile" "/tmp/rust_mozprofile.wAGpOHEe3HJu"
*** You are running in headless mode.
1563233810973	addons.webextension.screenshots@mozilla.org	WARN	Loading extension 'screenshots@mozilla.org': Reading manifest: Invalid extension permission: mozillaAddons
1563233810974	addons.webextension.screenshots@mozilla.org	WARN	Loading extension 'screenshots@mozilla.org': Reading manifest: Invalid extension permission: resource://pdf.js/
1563233810974	addons.webextension.screenshots@mozilla.org	WARN	Loading extension 'screenshots@mozilla.org': Reading manifest: Invalid extension permission: about:reader*
1563233813711	Marionette	INFO	Listening on port 34649
1563233813751	Marionette	WARN	TLS certificate errors will be ignored for this session
1563233816734	Marionette	INFO	Stopped listening on port 34649
[Parent 5743, Gecko_IOThread] WARNING: pipe error (74): Connection reset by peer: file /home/abuild/rpmbuild/BUILD/firefox-67.0.4/ipc/chromium/src/chrome/common/ipc_channel_posix.cc, line 357
1563233847090	mozrunner::runner	INFO	Running command: "/usr/bin/firefox" "-marionette" "-headless" "-foreground" "-no-remote" "-profile" "/tmp/rust_mozprofile.t2u9MXrW4mVD"
*** You are running in headless mode.
1563233847732	addons.webextension.screenshots@mozilla.org	WARN	Loading extension 'screenshots@mozilla.org': Reading manifest: Invalid extension permission: mozillaAddons
1563233847733	addons.webextension.screenshots@mozilla.org	WARN	Loading extension 'screenshots@mozilla.org': Reading manifest: Invalid extension permission: resource://pdf.js/
1563233847734	addons.webextension.screenshots@mozilla.org	WARN	Loading extension 'screenshots@mozilla.org': Reading manifest: Invalid extension permission: about:reader*
1563233850203	Marionette	INFO	Listening on port 45407
1563233850347	Marionette	WARN	TLS certificate errors will be ignored for this session
1563233852929	Marionette	INFO	Stopped listening on port 45407
[Parent 6170, Gecko_IOThread] WARNING: pipe error (74): Connection reset by peer: file /home/abuild/rpmbuild/BUILD/firefox-67.0.4/ipc/chromium/src/chrome/common/ipc_channel_posix.cc, line 357
